Performing C SOURCE FILE Test CMAKE_HAVE_LIBC_PTHREAD failed with the following output:
Change Dir: /home/rover/WinterResearch/build/catkin_tools_prebuild/CMakeFiles/CMakeTmp

Run Build Command(s):/usr/bin/make -f Makefile cmTC_d4382/fast && /usr/bin/make  -f CMakeFiles/cmTC_d4382.dir/build.make CMakeFiles/cmTC_d4382.dir/build
make[1]: Entering directory '/home/rover/WinterResearch/build/catkin_tools_prebuild/CMakeFiles/CMakeTmp'
Building C object CMakeFiles/cmTC_d4382.dir/src.c.o
/usr/bin/cc -DCMAKE_HAVE_LIBC_PTHREAD   -o CMakeFiles/cmTC_d4382.dir/src.c.o -c /home/rover/WinterResearch/build/catkin_tools_prebuild/CMakeFiles/CMakeTmp/src.c
Linking C executable cmTC_d4382
/usr/bin/cmake -E cmake_link_script CMakeFiles/cmTC_d4382.dir/link.txt --verbose=1
/usr/bin/cc -rdynamic CMakeFiles/cmTC_d4382.dir/src.c.o -o cmTC_d4382 
CMakeFiles/cmTC_d4382.dir/src.c.o: In function `main':
src.c:(.text+0x3e): undefined reference to `pthread_create'
src.c:(.text+0x4a): undefined reference to `pthread_detach'
src.c:(.text+0x56): undefined reference to `pthread_cancel'
src.c:(.text+0x67): undefined reference to `pthread_join'
src.c:(.text+0x7b): undefined reference to `pthread_atfork'
collect2: error: ld returned 1 exit status
CMakeFiles/cmTC_d4382.dir/build.make:98: recipe for target 'cmTC_d4382' failed
make[1]: *** [cmTC_d4382] Error 1
make[1]: Leaving directory '/home/rover/WinterResearch/build/catkin_tools_prebuild/CMakeFiles/CMakeTmp'
Makefile:127: recipe for target 'cmTC_d4382/fast' failed
make: *** [cmTC_d4382/fast] Error 2


Source file was:
#include <pthread.h>

static void* test_func(void* data)
{
  return data;
}

int main(void)
{
  pthread_t thread;
  pthread_create(&thread, NULL, test_func, NULL);
  pthread_detach(thread);
  pthread_cancel(thread);
  pthread_join(thread, NULL);
  pthread_atfork(NULL, NULL, NULL);
  pthread_exit(NULL);

  return 0;
}

Determining if the function pthread_create exists in the pthreads failed with the following output:
Change Dir: /home/rover/WinterResearch/build/catkin_tools_prebuild/CMakeFiles/CMakeTmp

Run Build Command(s):/usr/bin/make -f Makefile cmTC_ec39a/fast && /usr/bin/make  -f CMakeFiles/cmTC_ec39a.dir/build.make CMakeFiles/cmTC_ec39a.dir/build
make[1]: Entering directory '/home/rover/WinterResearch/build/catkin_tools_prebuild/CMakeFiles/CMakeTmp'
Building C object CMakeFiles/cmTC_ec39a.dir/CheckFunctionExists.c.o
/usr/bin/cc   -DCHECK_FUNCTION_EXISTS=pthread_create -o CMakeFiles/cmTC_ec39a.dir/CheckFunctionExists.c.o -c /usr/share/cmake-3.23/Modules/CheckFunctionExists.c
Linking C executable cmTC_ec39a
/usr/bin/cmake -E cmake_link_script CMakeFiles/cmTC_ec39a.dir/link.txt --verbose=1
/usr/bin/cc  -DCHECK_FUNCTION_EXISTS=pthread_create -rdynamic CMakeFiles/cmTC_ec39a.dir/CheckFunctionExists.c.o -o cmTC_ec39a  -lpthreads 
/usr/bin/ld: cannot find -lpthreads
collect2: error: ld returned 1 exit status
CMakeFiles/cmTC_ec39a.dir/build.make:98: recipe for target 'cmTC_ec39a' failed
make[1]: *** [cmTC_ec39a] Error 1
make[1]: Leaving directory '/home/rover/WinterResearch/build/catkin_tools_prebuild/CMakeFiles/CMakeTmp'
Makefile:127: recipe for target 'cmTC_ec39a/fast' failed
make: *** [cmTC_ec39a/fast] Error 2



