[  0%] Built target std_msgs_generate_messages_py
[  0%] Built target sensor_msgs_generate_messages_py
[  0%] Built target std_msgs_generate_messages_cpp
[  0%] Built target sensor_msgs_generate_messages_cpp
[  0%] Built target sensor_msgs_generate_messages_eus
[  0%] Built target std_msgs_generate_messages_lisp
[  0%] Built target std_msgs_generate_messages_eus
[  0%] Built target std_msgs_generate_messages_nodejs
[  0%] Built target sensor_msgs_generate_messages_lisp
[  0%] Built target sensor_msgs_generate_messages_nodejs
[  0%] Built target _camera_msg_generate_messages_check_deps_JointState
[ 28%] [34m[1mGenerating Lisp code from camera_msg/JointState.msg[0m
[ 28%] [34m[1mGenerating Javascript code from camera_msg/JointState.msg[0m
[ 42%] [34m[1mGenerating EusLisp code from camera_msg/JointState.msg[0m
[ 71%] [34m[1mGenerating Python from MSG camera_msg/JointState[0m
[ 71%] [34m[1mGenerating C++ code from camera_msg/JointState.msg[0m
[ 85%] [34m[1mGenerating EusLisp manifest code for camera_msg[0m
[ 85%] Built target camera_msg_generate_messages_lisp
[ 85%] Built target camera_msg_generate_messages_nodejs
[ 85%] Built target camera_msg_generate_messages_cpp
[100%] [34m[1mGenerating Python msg __init__.py for camera_msg[0m
[100%] Built target camera_msg_generate_messages_py
[100%] Built target camera_msg_generate_messages_eus
[100%] Built target camera_msg_generate_messages
